<?xml version="1.0" encoding="UTF-8"?>
<!-- Generated by org.testng.reporters.JUnitXMLReporter -->
<testsuite ignored="0" hostname="DESKTOP-8EHKKFN" failures="0" tests="7" name="Default test" time="0.085" errors="0" timestamp="2025-09-28T15:37:45 IST">
  <testcase classname="first.TestCase3" name="demo1" time="0.019"/>
  <testcase classname="first.TestCase3" name="demo1" time="0.002"/>
  <testcase classname="first.TestCase3" name="demo2" time="0.002"/>
  <testcase classname="first.TestCase3" name="demo2" time="0.002"/>
  <testcase classname="first.TestCase3" name="demo2" time="0.001"/>
  <testcase classname="first.TestCase3" name="demo2" time="0.001"/>
  <testcase classname="first.TestCase3" name="demo2" time="0.001"/>
</testsuite> <!-- Default test -->
