<?xml version="1.0" encoding="UTF-8"?>
<!-- Generated by org.testng.reporters.JUnitXMLReporter -->
<testsuite ignored="0" hostname="DESKTOP-8EHKKFN" failures="0" tests="10" name="Test" time="15.913" errors="0" timestamp="2025-09-28T18:13:28 IST">
  <testcase classname="first.TestCase1" name="login" time="6.635"/>
  <testcase classname="first.Testcase2" name="test2" time="3.926"/>
  <testcase classname="first.Testcase2" name="test1" time="5.247"/>
  <testcase classname="first.TestCase3" name="demo1" time="0.005"/>
  <testcase classname="first.TestCase3" name="demo1" time="0.004"/>
  <testcase classname="first.TestCase3" name="demo2" time="0.003"/>
  <testcase classname="first.TestCase3" name="demo2" time="0.001"/>
  <testcase classname="first.TestCase3" name="demo2" time="0.002"/>
  <testcase classname="first.TestCase3" name="demo2" time="0.001"/>
  <testcase classname="first.TestCase3" name="demo2" time="0.001"/>
</testsuite> <!-- Test -->
