<?xml version="1.0" encoding="UTF-8"?>
<!-- Generated by org.testng.reporters.JUnitXMLReporter -->
<testsuite ignored="0" hostname="DESKTOP-8EHKKFN" failures="0" tests="10" name="Test" time="14.323" errors="0" timestamp="2025-09-28T16:31:55 IST">
  <testcase classname="first.TestCase1" name="login" time="6.353"/>
  <testcase classname="first.Testcase2" name="test2" time="3.497"/>
  <testcase classname="first.Testcase2" name="test1" time="4.395"/>
  <testcase classname="first.TestCase3" name="demo1" time="0.002"/>
  <testcase classname="first.TestCase3" name="demo1" time="0.001"/>
  <testcase classname="first.TestCase3" name="demo2" time="0.002"/>
  <testcase classname="first.TestCase3" name="demo2" time="0.001"/>
  <testcase classname="first.TestCase3" name="demo2" time="0.001"/>
  <testcase classname="first.TestCase3" name="demo2" time="0.001"/>
  <testcase classname="first.TestCase3" name="demo2" time="0.003"/>
</testsuite> <!-- Test -->
