<?xml version="1.0" encoding="UTF-8"?>
<testng-results ignored="0" total="10" passed="10" failed="0" skipped="0">
  <reporter-output>
    <line>
      <![CDATA[demo1]]>
    </line>
    <line>
      <![CDATA[demo1]]>
    </line>
    <line>
      <![CDATA[demo2]]>
    </line>
    <line>
      <![CDATA[demo2]]>
    </line>
    <line>
      <![CDATA[demo2]]>
    </line>
    <line>
      <![CDATA[demo2]]>
    </line>
    <line>
      <![CDATA[demo2]]>
    </line>
  </reporter-output>
  <suite started-at="2025-09-28T16:31:41 IST" name="Suite" finished-at="2025-09-28T16:31:55 IST" duration-ms="14323">
    <groups>
    </groups>
    <test started-at="2025-09-28T16:31:41 IST" name="Test" finished-at="2025-09-28T16:31:55 IST" duration-ms="14323">
      <class name="first.TestCase1">
        <test-method signature="login()[pri:0, instance:first.TestCase1@38c5cc4c]" started-at="2025-09-28T16:31:41 IST" name="login" finished-at="2025-09-28T16:31:48 IST" duration-ms="6353" status="PASS">
          <reporter-output>
          </reporter-output>
        </test-method> <!-- login -->
      </class> <!-- first.TestCase1 -->
      <class name="first.TestCase3">
        <test-method signature="demo1()[pri:0, instance:first.TestCase3@60dcc9fe]" started-at="2025-09-28T16:31:55 IST" name="demo1" finished-at="2025-09-28T16:31:55 IST" duration-ms="2" status="PASS">
          <reporter-output>
            <line>
              <![CDATA[demo1]]>
            </line>
          </reporter-output>
        </test-method> <!-- demo1 -->
        <test-method signature="demo1()[pri:0, instance:first.TestCase3@60dcc9fe]" started-at="2025-09-28T16:31:55 IST" name="demo1" finished-at="2025-09-28T16:31:55 IST" duration-ms="1" status="PASS">
          <reporter-output>
            <line>
              <![CDATA[demo1]]>
            </line>
          </reporter-output>
        </test-method> <!-- demo1 -->
        <test-method signature="demo2()[pri:0, instance:first.TestCase3@60dcc9fe]" started-at="2025-09-28T16:31:55 IST" name="demo2" finished-at="2025-09-28T16:31:55 IST" duration-ms="2" status="PASS">
          <reporter-output>
            <line>
              <![CDATA[demo2]]>
            </line>
          </reporter-output>
        </test-method> <!-- demo2 -->
        <test-method signature="demo2()[pri:0, instance:first.TestCase3@60dcc9fe]" started-at="2025-09-28T16:31:55 IST" name="demo2" finished-at="2025-09-28T16:31:55 IST" duration-ms="1" status="PASS">
          <reporter-output>
            <line>
              <![CDATA[demo2]]>
            </line>
          </reporter-output>
        </test-method> <!-- demo2 -->
        <test-method signature="demo2()[pri:0, instance:first.TestCase3@60dcc9fe]" started-at="2025-09-28T16:31:55 IST" name="demo2" finished-at="2025-09-28T16:31:55 IST" duration-ms="1" status="PASS">
          <reporter-output>
            <line>
              <![CDATA[demo2]]>
            </line>
          </reporter-output>
        </test-method> <!-- demo2 -->
        <test-method signature="demo2()[pri:0, instance:first.TestCase3@60dcc9fe]" started-at="2025-09-28T16:31:55 IST" name="demo2" finished-at="2025-09-28T16:31:55 IST" duration-ms="1" status="PASS">
          <reporter-output>
            <line>
              <![CDATA[demo2]]>
            </line>
          </reporter-output>
        </test-method> <!-- demo2 -->
        <test-method signature="demo2()[pri:0, instance:first.TestCase3@60dcc9fe]" started-at="2025-09-28T16:31:55 IST" name="demo2" finished-at="2025-09-28T16:31:55 IST" duration-ms="3" status="PASS">
          <reporter-output>
            <line>
              <![CDATA[demo2]]>
            </line>
          </reporter-output>
        </test-method> <!-- demo2 -->
      </class> <!-- first.TestCase3 -->
      <class name="first.Testcase2">
        <test-method signature="test2()[pri:1, instance:first.Testcase2@3c72f59f]" started-at="2025-09-28T16:31:48 IST" name="test2" finished-at="2025-09-28T16:31:51 IST" duration-ms="3497" status="PASS">
          <reporter-output>
          </reporter-output>
        </test-method> <!-- test2 -->
        <test-method signature="test1()[pri:2, instance:first.Testcase2@3c72f59f]" started-at="2025-09-28T16:31:51 IST" name="test1" finished-at="2025-09-28T16:31:55 IST" duration-ms="4395" status="PASS">
          <reporter-output>
          </reporter-output>
        </test-method> <!-- test1 -->
      </class> <!-- first.Testcase2 -->
    </test> <!-- Test -->
  </suite> <!-- Suite -->
</testng-results>
