<?xml version="1.0" encoding="UTF-8"?>
<testng-results ignored="0" total="1" passed="1" failed="0" skipped="0">
  <reporter-output>
  </reporter-output>
  <suite started-at="2025-09-28T18:13:57 IST" name="Default suite" finished-at="2025-09-28T18:14:06 IST" duration-ms="9451">
    <groups>
    </groups>
    <test started-at="2025-09-28T18:13:57 IST" name="Default test" finished-at="2025-09-28T18:14:06 IST" duration-ms="9451">
      <class name="first.TestCase4">
        <test-method signature="newTest()[pri:0, instance:first.TestCase4@4218d6a3]" started-at="2025-09-28T18:13:57 IST" name="newTest" finished-at="2025-09-28T18:14:06 IST" duration-ms="9403" status="PASS">
          <reporter-output>
          </reporter-output>
        </test-method> <!-- newTest -->
      </class> <!-- first.TestCase4 -->
    </test> <!-- Default test -->
  </suite> <!-- Default suite -->
</testng-results>
